\BOOKMARK [1][-]{section.1}{Introdu\347\343o}{}
\BOOKMARK [2][-]{subsection.1.1}{Objetivos de Projeto}{section.1}
\BOOKMARK [2][-]{subsection.1.2}{Sobre este manual}{section.1}
\BOOKMARK [1][-]{section.2}{Instalando e Rodando o JFlex}{}
\BOOKMARK [2][-]{subsection.2.1}{Instalando o JFlex}{section.2}
\BOOKMARK [3][-]{subsubsection.2.1.1}{Windows}{subsection.2.1}
\BOOKMARK [3][-]{subsubsection.2.1.2}{Unix with tar archive}{subsection.2.1}
\BOOKMARK [3][-]{subsubsection.2.1.3}{Linux with RPM}{subsection.2.1}
\BOOKMARK [2][-]{subsection.2.2}{Running JFlex}{section.2}
\BOOKMARK [1][-]{section.3}{A simple Example: How to work with JFlex}{}
\BOOKMARK [2][-]{subsection.3.1}{Code to include}{section.3}
\BOOKMARK [2][-]{subsection.3.2}{Options and Macros}{section.3}
\BOOKMARK [2][-]{subsection.3.3}{Rules and Actions}{section.3}
\BOOKMARK [2][-]{subsection.3.4}{How to get it going}{section.3}
\BOOKMARK [1][-]{section.4}{Lexical Specifications}{}
\BOOKMARK [2][-]{subsection.4.1}{User code}{section.4}
\BOOKMARK [2][-]{subsection.4.2}{Options and declarations}{section.4}
\BOOKMARK [3][-]{subsubsection.4.2.1}{Class options and user class code}{subsection.4.2}
\BOOKMARK [3][-]{subsubsection.4.2.2}{Scanning method}{subsection.4.2}
\BOOKMARK [3][-]{subsubsection.4.2.3}{The end of file}{subsection.4.2}
\BOOKMARK [3][-]{subsubsection.4.2.4}{Standalone scanners}{subsection.4.2}
\BOOKMARK [3][-]{subsubsection.4.2.5}{CUP compatibility}{subsection.4.2}
\BOOKMARK [3][-]{subsubsection.4.2.6}{BYacc/J compatibility}{subsection.4.2}
\BOOKMARK [3][-]{subsubsection.4.2.7}{Code generation}{subsection.4.2}
\BOOKMARK [3][-]{subsubsection.4.2.8}{Character sets}{subsection.4.2}
\BOOKMARK [3][-]{subsubsection.4.2.9}{Line, character and column counting}{subsection.4.2}
\BOOKMARK [3][-]{subsubsection.4.2.10}{Obsolete JLex options}{subsection.4.2}
\BOOKMARK [3][-]{subsubsection.4.2.11}{State declarations}{subsection.4.2}
\BOOKMARK [3][-]{subsubsection.4.2.12}{Macro definitions}{subsection.4.2}
\BOOKMARK [2][-]{subsection.4.3}{Lexical rules}{section.4}
\BOOKMARK [3][-]{subsubsection.4.3.1}{Syntax}{subsection.4.3}
\BOOKMARK [3][-]{subsubsection.4.3.2}{Semantics}{subsection.4.3}
\BOOKMARK [3][-]{subsubsection.4.3.3}{How the input is matched}{subsection.4.3}
\BOOKMARK [3][-]{subsubsection.4.3.4}{The generated class}{subsection.4.3}
\BOOKMARK [3][-]{subsubsection.4.3.5}{Scanner methods and fields accessible in actions \(API\)}{subsection.4.3}
\BOOKMARK [1][-]{section.5}{Encodings, Platforms, and Unicode}{}
\BOOKMARK [2][-]{subsection.5.1}{The Problem}{section.5}
\BOOKMARK [2][-]{subsection.5.2}{Scanning text files}{section.5}
\BOOKMARK [2][-]{subsection.5.3}{Scanning binaries}{section.5}
\BOOKMARK [1][-]{section.6}{A few words on performance}{}
\BOOKMARK [2][-]{subsection.6.1}{Comparison of JLex and JFlex}{section.6}
\BOOKMARK [2][-]{subsection.6.2}{How to write a faster specification}{section.6}
\BOOKMARK [1][-]{section.7}{Porting Issues}{}
\BOOKMARK [2][-]{subsection.7.1}{Porting from JLex}{section.7}
\BOOKMARK [2][-]{subsection.7.2}{Porting from lex/flex}{section.7}
\BOOKMARK [3][-]{subsubsection.7.2.1}{Basic structure}{subsection.7.2}
\BOOKMARK [3][-]{subsubsection.7.2.2}{Macros and Regular Expression Syntax}{subsection.7.2}
\BOOKMARK [3][-]{subsubsection.7.2.3}{Lexical Rules}{subsection.7.2}
\BOOKMARK [1][-]{section.8}{Working together}{}
\BOOKMARK [2][-]{subsection.8.1}{JFlex and CUP}{section.8}
\BOOKMARK [3][-]{subsubsection.8.1.1}{CUP version 0.10j and above}{subsection.8.1}
\BOOKMARK [3][-]{subsubsection.8.1.2}{Custom symbol interface}{subsection.8.1}
\BOOKMARK [3][-]{subsubsection.8.1.3}{Using existing JFlex/CUP specifications with CUP 0.10j}{subsection.8.1}
\BOOKMARK [3][-]{subsubsection.8.1.4}{Using older versions of CUP}{subsection.8.1}
\BOOKMARK [2][-]{subsection.8.2}{JFlex and BYacc/J}{section.8}
\BOOKMARK [1][-]{section.9}{Bugs and Deficiencies}{}
\BOOKMARK [2][-]{subsection.9.1}{Deficiencies}{section.9}
\BOOKMARK [2][-]{subsection.9.2}{Bugs}{section.9}
\BOOKMARK [1][-]{section.10}{Copying and License}{}
